Analysis & Synthesis report for MiniProjeto
Thu Apr  4 19:44:07 2024
Quartus Prime Version 22.1std.1 Build 917 02/14/2023 SC Lite Edition


---------------------
; Table of Contents ;
---------------------
  1. Legal Notice
  2. Analysis & Synthesis Summary
  3. Analysis & Synthesis Settings
  4. Parallel Compilation
  5. Analysis & Synthesis Source Files Read
  6. Analysis & Synthesis Resource Usage Summary
  7. Analysis & Synthesis Resource Utilization by Entity
  8. Registers Removed During Synthesis
  9. General Register Statistics
 10. Multiplexer Restructuring Statistics (Restructuring Performed)
 11. Parameter Settings for User Entity Instance: ClkDiviser:pulsGen
 12. Parameter Settings for User Entity Instance: FreqDiv:freqDiv
 13. Post-Synthesis Netlist Statistics for Top Partition
 14. Elapsed Time Per Partition
 15. Analysis & Synthesis Messages



----------------
; Legal Notice ;
----------------
Copyright (C) 2023  Intel Corporation. All rights reserved.
Your use of Intel Corporation's design tools, logic functions 
and other software and tools, and any partner logic 
functions, and any output files from any of the foregoing 
(including device programming or simulation files), and any 
associated documentation or information are expressly subject 
to the terms and conditions of the Intel Program License 
Subscription Agreement, the Intel Quartus Prime License Agreement,
the Intel FPGA IP License Agreement, or other applicable license
agreement, including, without limitation, that your use is for
the sole purpose of programming logic devices manufactured by
Intel and sold by Intel or its authorized distributors.  Please
refer to the applicable agreement for further details, at
https://fpgasoftware.intel.com/eula.



+-------------------------------------------------------------------------------------+
; Analysis & Synthesis Summary                                                        ;
+------------------------------------+------------------------------------------------+
; Analysis & Synthesis Status        ; Successful - Thu Apr  4 19:44:07 2024          ;
; Quartus Prime Version              ; 22.1std.1 Build 917 02/14/2023 SC Lite Edition ;
; Revision Name                      ; MiniProjeto                                    ;
; Top-level Entity Name              ; CounterDemo                                    ;
; Family                             ; Cyclone IV E                                   ;
; Total logic elements               ; 114                                            ;
;     Total combinational functions  ; 114                                            ;
;     Dedicated logic registers      ; 53                                             ;
; Total registers                    ; 53                                             ;
; Total pins                         ; 21                                             ;
; Total virtual pins                 ; 0                                              ;
; Total memory bits                  ; 0                                              ;
; Embedded Multiplier 9-bit elements ; 0                                              ;
; Total PLLs                         ; 0                                              ;
+------------------------------------+------------------------------------------------+


+------------------------------------------------------------------------------------------------------------+
; Analysis & Synthesis Settings                                                                              ;
+------------------------------------------------------------------+--------------------+--------------------+
; Option                                                           ; Setting            ; Default Value      ;
+------------------------------------------------------------------+--------------------+--------------------+
; Device                                                           ; EP4CE115F29C7      ;                    ;
; Top-level entity name                                            ; CounterDemo        ; MiniProjeto        ;
; Family name                                                      ; Cyclone IV E       ; Cyclone V          ;
; Use smart compilation                                            ; Off                ; Off                ;
; Enable parallel Assembler and Timing Analyzer during compilation ; On                 ; On                 ;
; Enable compact report table                                      ; Off                ; Off                ;
; Restructure Multiplexers                                         ; Auto               ; Auto               ;
; Create Debugging Nodes for IP Cores                              ; Off                ; Off                ;
; Preserve fewer node names                                        ; On                 ; On                 ;
; Intel FPGA IP Evaluation Mode                                    ; Enable             ; Enable             ;
; Verilog Version                                                  ; Verilog_2001       ; Verilog_2001       ;
; VHDL Version                                                     ; VHDL_1993          ; VHDL_1993          ;
; State Machine Processing                                         ; Auto               ; Auto               ;
; Safe State Machine                                               ; Off                ; Off                ;
; Extract Verilog State Machines                                   ; On                 ; On                 ;
; Extract VHDL State Machines                                      ; On                 ; On                 ;
; Ignore Verilog initial constructs                                ; Off                ; Off                ;
; Iteration limit for constant Verilog loops                       ; 5000               ; 5000               ;
; Iteration limit for non-constant Verilog loops                   ; 250                ; 250                ;
; Add Pass-Through Logic to Inferred RAMs                          ; On                 ; On                 ;
; Infer RAMs from Raw Logic                                        ; On                 ; On                 ;
; Parallel Synthesis                                               ; On                 ; On                 ;
; DSP Block Balancing                                              ; Auto               ; Auto               ;
; NOT Gate Push-Back                                               ; On                 ; On                 ;
; Power-Up Don't Care                                              ; On                 ; On                 ;
; Remove Redundant Logic Cells                                     ; Off                ; Off                ;
; Remove Duplicate Registers                                       ; On                 ; On                 ;
; Ignore CARRY Buffers                                             ; Off                ; Off                ;
; Ignore CASCADE Buffers                                           ; Off                ; Off                ;
; Ignore GLOBAL Buffers                                            ; Off                ; Off                ;
; Ignore ROW GLOBAL Buffers                                        ; Off                ; Off                ;
; Ignore LCELL Buffers                                             ; Off                ; Off                ;
; Ignore SOFT Buffers                                              ; On                 ; On                 ;
; Limit AHDL Integers to 32 Bits                                   ; Off                ; Off                ;
; Optimization Technique                                           ; Balanced           ; Balanced           ;
; Carry Chain Length                                               ; 70                 ; 70                 ;
; Auto Carry Chains                                                ; On                 ; On                 ;
; Auto Open-Drain Pins                                             ; On                 ; On                 ;
; Perform WYSIWYG Primitive Resynthesis                            ; Off                ; Off                ;
; Auto ROM Replacement                                             ; On                 ; On                 ;
; Auto RAM Replacement                                             ; On                 ; On                 ;
; Auto DSP Block Replacement                                       ; On                 ; On                 ;
; Auto Shift Register Replacement                                  ; Auto               ; Auto               ;
; Allow Shift Register Merging across Hierarchies                  ; Auto               ; Auto               ;
; Auto Clock Enable Replacement                                    ; On                 ; On                 ;
; Strict RAM Replacement                                           ; Off                ; Off                ;
; Allow Synchronous Control Signals                                ; On                 ; On                 ;
; Force Use of Synchronous Clear Signals                           ; Off                ; Off                ;
; Auto RAM Block Balancing                                         ; On                 ; On                 ;
; Auto RAM to Logic Cell Conversion                                ; Off                ; Off                ;
; Auto Resource Sharing                                            ; Off                ; Off                ;
; Allow Any RAM Size For Recognition                               ; Off                ; Off                ;
; Allow Any ROM Size For Recognition                               ; Off                ; Off                ;
; Allow Any Shift Register Size For Recognition                    ; Off                ; Off                ;
; Use LogicLock Constraints during Resource Balancing              ; On                 ; On                 ;
; Ignore translate_off and synthesis_off directives                ; Off                ; Off                ;
; Timing-Driven Synthesis                                          ; On                 ; On                 ;
; Report Parameter Settings                                        ; On                 ; On                 ;
; Report Source Assignments                                        ; On                 ; On                 ;
; Report Connectivity Checks                                       ; On                 ; On                 ;
; Ignore Maximum Fan-Out Assignments                               ; Off                ; Off                ;
; Synchronization Register Chain Length                            ; 2                  ; 2                  ;
; Power Optimization During Synthesis                              ; Normal compilation ; Normal compilation ;
; HDL message level                                                ; Level2             ; Level2             ;
; Suppress Register Optimization Related Messages                  ; Off                ; Off                ;
; Number of Removed Registers Reported in Synthesis Report         ; 5000               ; 5000               ;
; Number of Swept Nodes Reported in Synthesis Report               ; 5000               ; 5000               ;
; Number of Inverted Registers Reported in Synthesis Report        ; 100                ; 100                ;
; Clock MUX Protection                                             ; On                 ; On                 ;
; Auto Gated Clock Conversion                                      ; Off                ; Off                ;
; Block Design Naming                                              ; Auto               ; Auto               ;
; SDC constraint protection                                        ; Off                ; Off                ;
; Synthesis Effort                                                 ; Auto               ; Auto               ;
; Shift Register Replacement - Allow Asynchronous Clear Signal     ; On                 ; On                 ;
; Pre-Mapping Resynthesis Optimization                             ; Off                ; Off                ;
; Analysis & Synthesis Message Level                               ; Medium             ; Medium             ;
; Disable Register Merging Across Hierarchies                      ; Auto               ; Auto               ;
; Resource Aware Inference For Block RAM                           ; On                 ; On                 ;
+------------------------------------------------------------------+--------------------+--------------------+


+------------------------------------------+
; Parallel Compilation                     ;
+----------------------------+-------------+
; Processors                 ; Number      ;
+----------------------------+-------------+
; Number detected on machine ; 16          ;
; Maximum allowed            ; 16          ;
;                            ;             ;
; Average used               ; 1.00        ;
; Maximum used               ; 16          ;
;                            ;             ;
; Usage by Processor         ; % Time Used ;
;     Processor 1            ; 100.0%      ;
;     Processors 2-16        ;   0.0%      ;
+----------------------------+-------------+


+-----------------------------------------------------------------------------------------------------------------------------------------------------+
; Analysis & Synthesis Source Files Read                                                                                                              ;
+----------------------------------+-----------------+-----------------+--------------------------------------------------------------------+---------+
; File Name with User-Entered Path ; Used in Netlist ; File Type       ; File Name with Absolute Path                                       ; Library ;
+----------------------------------+-----------------+-----------------+--------------------------------------------------------------------+---------+
; Counter.vhd                      ; yes             ; User VHDL File  ; /home/francisco/Desktop/lsd/pratico/miniProjeto/Counter.vhd        ;         ;
; Bin7SegDecoder.vhd               ; yes             ; User VHDL File  ; /home/francisco/Desktop/lsd/pratico/miniProjeto/Bin7SegDecoder.vhd ;         ;
; ClkDiviser.vhd                   ; yes             ; User VHDL File  ; /home/francisco/Desktop/lsd/pratico/miniProjeto/ClkDiviser.vhd     ;         ;
; FreqDiv.vhd                      ; yes             ; User VHDL File  ; /home/francisco/Desktop/lsd/pratico/miniProjeto/FreqDiv.vhd        ;         ;
; CounterDemo.vhd                  ; yes             ; User VHDL File  ; /home/francisco/Desktop/lsd/pratico/miniProjeto/CounterDemo.vhd    ;         ;
+----------------------------------+-----------------+-----------------+--------------------------------------------------------------------+---------+


+--------------------------------------------------------------+
; Analysis & Synthesis Resource Usage Summary                  ;
+---------------------------------------------+----------------+
; Resource                                    ; Usage          ;
+---------------------------------------------+----------------+
; Estimated Total logic elements              ; 114            ;
;                                             ;                ;
; Total combinational functions               ; 114            ;
; Logic element usage by number of LUT inputs ;                ;
;     -- 4 input functions                    ; 26             ;
;     -- 3 input functions                    ; 2              ;
;     -- <=2 input functions                  ; 86             ;
;                                             ;                ;
; Logic elements by mode                      ;                ;
;     -- normal mode                          ; 68             ;
;     -- arithmetic mode                      ; 46             ;
;                                             ;                ;
; Total registers                             ; 53             ;
;     -- Dedicated logic registers            ; 53             ;
;     -- I/O registers                        ; 0              ;
;                                             ;                ;
; I/O pins                                    ; 21             ;
;                                             ;                ;
; Embedded Multiplier 9-bit elements          ; 0              ;
;                                             ;                ;
; Maximum fan-out node                        ; CLOCK_50~input ;
; Maximum fan-out                             ; 53             ;
; Total fan-out                               ; 424            ;
; Average fan-out                             ; 2.03           ;
+---------------------------------------------+----------------+


+------------------------------------------------------------------------------------------------------------------------------------------------------------------------------------------------------------------------------+
; Analysis & Synthesis Resource Utilization by Entity                                                                                                                                                                          ;
+-----------------------------+---------------------+---------------------------+-------------+--------------+---------+-----------+------+--------------+-------------------------------------+----------------+--------------+
; Compilation Hierarchy Node  ; Combinational ALUTs ; Dedicated Logic Registers ; Memory Bits ; DSP Elements ; DSP 9x9 ; DSP 18x18 ; Pins ; Virtual Pins ; Full Hierarchy Name                 ; Entity Name    ; Library Name ;
+-----------------------------+---------------------+---------------------------+-------------+--------------+---------+-----------+------+--------------+-------------------------------------+----------------+--------------+
; |CounterDemo                ; 114 (4)             ; 53 (0)                    ; 0           ; 0            ; 0       ; 0         ; 21   ; 0            ; |CounterDemo                        ; CounterDemo    ; work         ;
;    |Bin7SegDecoder:bin7Seg| ; 15 (15)             ; 0 (0)                     ; 0           ; 0            ; 0       ; 0         ; 0    ; 0            ; |CounterDemo|Bin7SegDecoder:bin7Seg ; Bin7SegDecoder ; work         ;
;    |ClkDiviser:pulsGen|     ; 45 (45)             ; 25 (25)                   ; 0           ; 0            ; 0       ; 0         ; 0    ; 0            ; |CounterDemo|ClkDiviser:pulsGen     ; ClkDiviser     ; work         ;
;    |Counter:counter|        ; 6 (6)               ; 4 (4)                     ; 0           ; 0            ; 0       ; 0         ; 0    ; 0            ; |CounterDemo|Counter:counter        ; Counter        ; work         ;
;    |FreqDiv:freqDiv|        ; 44 (44)             ; 24 (24)                   ; 0           ; 0            ; 0       ; 0         ; 0    ; 0            ; |CounterDemo|FreqDiv:freqDiv        ; FreqDiv        ; work         ;
+-----------------------------+---------------------+---------------------------+-------------+--------------+---------+-----------+------+--------------+-------------------------------------+----------------+--------------+
Note: For table entries with two numbers listed, the numbers in parentheses indicate the number of resources of the given type used by the specific entity alone. The numbers listed outside of parentheses indicate the total resources of the given type used by the specific entity and all of its sub-entities in the hierarchy.


+--------------------------------------------------------------------------------+
; Registers Removed During Synthesis                                             ;
+---------------------------------------+----------------------------------------+
; Register name                         ; Reason for Removal                     ;
+---------------------------------------+----------------------------------------+
; ClkDiviser:pulsGen|counter[0]         ; Merged with FreqDiv:freqDiv|counter[0] ;
; ClkDiviser:pulsGen|counter[1]         ; Merged with FreqDiv:freqDiv|counter[1] ;
; Total Number of Removed Registers = 2 ;                                        ;
+---------------------------------------+----------------------------------------+


+------------------------------------------------------+
; General Register Statistics                          ;
+----------------------------------------------+-------+
; Statistic                                    ; Value ;
+----------------------------------------------+-------+
; Total registers                              ; 53    ;
; Number of registers using Synchronous Clear  ; 0     ;
; Number of registers using Synchronous Load   ; 0     ;
; Number of registers using Asynchronous Clear ; 0     ;
; Number of registers using Asynchronous Load  ; 0     ;
; Number of registers using Clock Enable       ; 4     ;
; Number of registers using Preset             ; 0     ;
+----------------------------------------------+-------+


+-------------------------------------------------------------------------------------------------------------------------------------------------------+
; Multiplexer Restructuring Statistics (Restructuring Performed)                                                                                        ;
+--------------------+-----------+---------------+----------------------+------------------------+------------+-----------------------------------------+
; Multiplexer Inputs ; Bus Width ; Baseline Area ; Area if Restructured ; Saving if Restructured ; Registered ; Example Multiplexer Output              ;
+--------------------+-----------+---------------+----------------------+------------------------+------------+-----------------------------------------+
; 3:1                ; 4 bits    ; 8 LEs         ; 4 LEs                ; 4 LEs                  ; Yes        ; |CounterDemo|Counter:counter|s_count[1] ;
+--------------------+-----------+---------------+----------------------+------------------------+------------+-----------------------------------------+


+-----------------------------------------------------------------+
; Parameter Settings for User Entity Instance: ClkDiviser:pulsGen ;
+----------------+----------+-------------------------------------+
; Parameter Name ; Value    ; Type                                ;
+----------------+----------+-------------------------------------+
; k              ; 50000000 ; Signed Integer                      ;
+----------------+----------+-------------------------------------+
Note: In order to hide this table in the UI and the text report file, please set the "Show Parameter Settings in Synthesis Report" option in "Analysis and Synthesis Settings -> More Settings" to "Off".


+--------------------------------------------------------------+
; Parameter Settings for User Entity Instance: FreqDiv:freqDiv ;
+----------------+---------+-----------------------------------+
; Parameter Name ; Value   ; Type                              ;
+----------------+---------+-----------------------------------+
; k              ; 6250000 ; Signed Integer                    ;
+----------------+---------+-----------------------------------+
Note: In order to hide this table in the UI and the text report file, please set the "Show Parameter Settings in Synthesis Report" option in "Analysis and Synthesis Settings -> More Settings" to "Off".


+-----------------------------------------------------+
; Post-Synthesis Netlist Statistics for Top Partition ;
+-----------------------+-----------------------------+
; Type                  ; Count                       ;
+-----------------------+-----------------------------+
; boundary_port         ; 21                          ;
; cycloneiii_ff         ; 53                          ;
;     ENA               ; 4                           ;
;     plain             ; 49                          ;
; cycloneiii_lcell_comb ; 115                         ;
;     arith             ; 46                          ;
;         2 data inputs ; 45                          ;
;         3 data inputs ; 1                           ;
;     normal            ; 69                          ;
;         0 data inputs ; 1                           ;
;         1 data inputs ; 2                           ;
;         2 data inputs ; 39                          ;
;         3 data inputs ; 1                           ;
;         4 data inputs ; 26                          ;
;                       ;                             ;
; Max LUT depth         ; 4.40                        ;
; Average LUT depth     ; 3.34                        ;
+-----------------------+-----------------------------+


+-------------------------------+
; Elapsed Time Per Partition    ;
+----------------+--------------+
; Partition Name ; Elapsed Time ;
+----------------+--------------+
; Top            ; 00:00:01     ;
+----------------+--------------+


+-------------------------------+
; Analysis & Synthesis Messages ;
+-------------------------------+
Info: *******************************************************************
Info: Running Quartus Prime Analysis & Synthesis
    Info: Version 22.1std.1 Build 917 02/14/2023 SC Lite Edition
    Info: Processing started: Thu Apr  4 19:43:52 2024
Info: Command: quartus_map --read_settings_files=on --write_settings_files=off MiniProjeto -c MiniProjeto
Warning (18236): Number of processors has not been specified which may cause overloading on shared machines.  Set the global assignment NUM_PARALLEL_PROCESSORS in your QSF to an appropriate value for best performance.
Info (20030): Parallel compilation is enabled and will use 16 of the 16 processors detected
Info (12021): Found 2 design units, including 1 entities, in source file Counter.vhd
    Info (12022): Found design unit 1: Counter-Behavioral File: /home/francisco/Desktop/lsd/pratico/miniProjeto/Counter.vhd Line: 14
    Info (12023): Found entity 1: Counter File: /home/francisco/Desktop/lsd/pratico/miniProjeto/Counter.vhd Line: 5
Info (12021): Found 2 design units, including 1 entities, in source file Bin7SegDecoder.vhd
    Info (12022): Found design unit 1: Bin7SegDecoder-Behavioral File: /home/francisco/Desktop/lsd/pratico/miniProjeto/Bin7SegDecoder.vhd Line: 13
    Info (12023): Found entity 1: Bin7SegDecoder File: /home/francisco/Desktop/lsd/pratico/miniProjeto/Bin7SegDecoder.vhd Line: 4
Info (12021): Found 2 design units, including 1 entities, in source file ClkDiviser.vhd
    Info (12022): Found design unit 1: ClkDiviser-Behavioral File: /home/francisco/Desktop/lsd/pratico/miniProjeto/ClkDiviser.vhd Line: 16
    Info (12023): Found entity 1: ClkDiviser File: /home/francisco/Desktop/lsd/pratico/miniProjeto/ClkDiviser.vhd Line: 4
Warning (12090): Entity "FreqDiv" obtained from "FreqDiv.vhd" instead of from Quartus Prime megafunction library File: /home/francisco/Desktop/lsd/pratico/miniProjeto/FreqDiv.vhd Line: 4
Info (12021): Found 2 design units, including 1 entities, in source file FreqDiv.vhd
    Info (12022): Found design unit 1: FreqDiv-Behavioral File: /home/francisco/Desktop/lsd/pratico/miniProjeto/FreqDiv.vhd Line: 12
    Info (12023): Found entity 1: FreqDiv File: /home/francisco/Desktop/lsd/pratico/miniProjeto/FreqDiv.vhd Line: 4
Info (12021): Found 2 design units, including 1 entities, in source file FlipFlopD.vhd
    Info (12022): Found design unit 1: FlipFlopD-Behavioral File: /home/francisco/Desktop/lsd/pratico/miniProjeto/FlipFlopD.vhd Line: 11
    Info (12023): Found entity 1: FlipFlopD File: /home/francisco/Desktop/lsd/pratico/miniProjeto/FlipFlopD.vhd Line: 4
Info (12021): Found 1 design units, including 1 entities, in source file MiniProjeto.bdf
    Info (12023): Found entity 1: MiniProjeto
Info (12021): Found 2 design units, including 1 entities, in source file CounterDemo.vhd
    Info (12022): Found design unit 1: CounterDemo-Shell File: /home/francisco/Desktop/lsd/pratico/miniProjeto/CounterDemo.vhd Line: 14
    Info (12023): Found entity 1: CounterDemo File: /home/francisco/Desktop/lsd/pratico/miniProjeto/CounterDemo.vhd Line: 5
Info (12127): Elaborating entity "CounterDemo" for the top level hierarchy
Info (12129): Elaborating entity "ClkDiviser" using architecture "A:behavioral" for hierarchy "ClkDiviser:pulsGen" File: /home/francisco/Desktop/lsd/pratico/miniProjeto/CounterDemo.vhd Line: 24
Info (12129): Elaborating entity "Counter" using architecture "A:behavioral" for hierarchy "Counter:counter" File: /home/francisco/Desktop/lsd/pratico/miniProjeto/CounterDemo.vhd Line: 32
Warning (10492): VHDL Process Statement warning at Counter.vhd(20): signal "enable" is read inside the Process Statement but isn't in the Process Statement's sensitivity list File: /home/francisco/Desktop/lsd/pratico/miniProjeto/Counter.vhd Line: 20
Info (12129): Elaborating entity "FreqDiv" using architecture "A:behavioral" for hierarchy "FreqDiv:freqDiv" File: /home/francisco/Desktop/lsd/pratico/miniProjeto/CounterDemo.vhd Line: 40
Info (12129): Elaborating entity "Bin7SegDecoder" using architecture "A:behavioral" for hierarchy "Bin7SegDecoder:bin7Seg" File: /home/francisco/Desktop/lsd/pratico/miniProjeto/CounterDemo.vhd Line: 52
Warning (13024): Output pins are stuck at VCC or GND
    Warning (13410): Pin "HEX1[0]" is stuck at VCC File: /home/francisco/Desktop/lsd/pratico/miniProjeto/CounterDemo.vhd Line: 10
    Warning (13410): Pin "HEX1[3]" is stuck at VCC File: /home/francisco/Desktop/lsd/pratico/miniProjeto/CounterDemo.vhd Line: 10
    Warning (13410): Pin "HEX1[4]" is stuck at VCC File: /home/francisco/Desktop/lsd/pratico/miniProjeto/CounterDemo.vhd Line: 10
    Warning (13410): Pin "HEX1[5]" is stuck at VCC File: /home/francisco/Desktop/lsd/pratico/miniProjeto/CounterDemo.vhd Line: 10
    Warning (13410): Pin "HEX1[6]" is stuck at VCC File: /home/francisco/Desktop/lsd/pratico/miniProjeto/CounterDemo.vhd Line: 10
Info (286030): Timing-Driven Synthesis is running
Info (16010): Generating hard_block partition "hard_block:auto_generated_inst"
    Info (16011): Adding 0 node(s), including 0 DDIO, 0 PLL, 0 transceiver and 0 LCELL
Info (21057): Implemented 136 device resources after synthesis - the final resource count might be different
    Info (21058): Implemented 3 input pins
    Info (21059): Implemented 18 output pins
    Info (21061): Implemented 115 logic cells
Info: Quartus Prime Analysis & Synthesis was successful. 0 errors, 9 warnings
    Info: Peak virtual memory: 509 megabytes
    Info: Processing ended: Thu Apr  4 19:44:07 2024
    Info: Elapsed time: 00:00:15
    Info: Total CPU time (on all processors): 00:00:45


